<?xml version="1.0" encoding="UTF-8"?>
<testsuites name="PRODUCT_BUNDLING_1_UI" time="96.508" tests="12" failures="0" errors="0">
   <testsuite name="PRODUCT_BUNDLING_1_UI" tests="12" failures="0" errors="0" time="96.508" timestamp="2021-08-11 15:22:40" hostname="Natasha - Natasha-PC" id="Test Suites/PRODUCT BUNDLING PH 3/PRODUCT_BUNDLING_1_UI">
      <properties>
         <property name="deviceName" value=""/>
         <property name="devicePlatform" value=""/>
         <property name="logFolder" value="D:\\GITHUB\\automation-product-bundling-core\\Reports\\20210811_152234\\PRODUCT BUNDLING PH 3\\PRODUCT_BUNDLING_1_UI\\20210811_152234"/>
         <property name="logFiles" value="D:\\GITHUB\\automation-product-bundling-core\\Reports\\20210811_152234\\PRODUCT BUNDLING PH 3\\PRODUCT_BUNDLING_1_UI\\20210811_152234\\execution0.log"/>
         <property name="attachments" value=""/>
         <property name="hostName" value="Natasha - Natasha-PC"/>
         <property name="os" value="Windows 10 64bit"/>
         <property name="katalonVersion" value="7.6.6.205"/>
         <property name="browser" value="Chrome 92.0.4515.131"/>
         <property name="hostAddress" value="192.168.254.103"/>
         <property name="sessionId" value="86fa25cddf06078949ba59df7964fdf4"/>
         <property name="seleniumVersion" value="3.141.59"/>
         <property name="proxyInformation" value="ProxyInformation { proxyOption=NO_PROXY, proxyServerType=HTTP, username=, password=********, proxyServerAddress=, proxyServerPort=0, executionList=&quot;&quot;, isApplyToDesiredCapabilities=true }"/>
         <property name="platform" value="Windows 10"/>
      </properties>
      <testcase name="Test Cases/Utilities/Seller/Add Multiple Items Seller 1" time="85.249" classname="Test Cases/Utilities/Seller/Add Multiple Items Seller 1" status="PASSED">
         <system-out><![CDATA[2021-08-11 15:22:40 - [TEST_CASE][PASSED] - Test Cases/Utilities/Seller/Add Multiple Items Seller 1: Test Cases/Utilities/Seller/Add Multiple Items Seller 1

2021-08-11 15:22:41 - [TEST_STEP][PASSED] - callTestCase(findTestCase("Utilities/Seller/Navigate to Seller 1"), [:], STOP_ON_FAILURE): Call Test Case 'Test Cases/Utilities/Seller/Navigate to Seller 1' successfully

2021-08-11 15:22:41 - [TEST_CASE][PASSED] - Test Cases/Utilities/Seller/Navigate to Seller 1: Test Cases/Utilities/Seller/Navigate to Seller 1

2021-08-11 15:22:41 - [TEST_STEP][PASSED] - openBrowser(""): Browser is opened with url: ''

2021-08-11 15:22:41 - [MESSAGE][INFO] - Starting 'Chrome' driver

2021-08-11 15:22:41 - [MESSAGE][INFO] - Action delay is set to 0 milliseconds

2021-08-11 15:22:43 - [MESSAGE][PASSED] - Browser is opened with url: ''

2021-08-11 15:22:43 - [TEST_STEP][PASSED] - maximizeWindow(): Current window maximized

2021-08-11 15:22:44 - [MESSAGE][PASSED] - Current window maximized

2021-08-11 15:22:44 - [TEST_STEP][PASSED] - navigateToUrl(URL_USER): Navigate to 'https://youhadmeathello.test.arcadier.io/' successfully

2021-08-11 15:22:48 - [MESSAGE][PASSED] - Navigate to 'https://youhadmeathello.test.arcadier.io/' successfully

2021-08-11 15:22:48 - [TEST_STEP][PASSED] - click(findTestObject("Navigate to seller/a_SIGN IN")): Object: 'Object Repository/Navigate to seller/a_SIGN IN' is clicked on

2021-08-11 15:22:50 - [MESSAGE][PASSED] - Object: 'Object Repository/Navigate to seller/a_SIGN IN' is clicked on

2021-08-11 15:22:50 - [TEST_STEP][PASSED] - setText(findTestObject("Navigate to seller/input_Your EmailUsername_username"), SELLER1_USERNAME): Text 'seller01' is set on object 'Object Repository/Navigate to seller/input_Your EmailUsername_username'

2021-08-11 15:22:52 - [MESSAGE][PASSED] - Text 'seller01' is set on object 'Object Repository/Navigate to seller/input_Your EmailUsername_username'

2021-08-11 15:22:52 - [TEST_STEP][PASSED] - setText(findTestObject("Navigate to seller/input_Your Password_password"), SELLER1_PASSWORD): Text 'welcome8' is set on object 'Object Repository/Navigate to seller/input_Your Password_password'

2021-08-11 15:22:53 - [MESSAGE][PASSED] - Text 'welcome8' is set on object 'Object Repository/Navigate to seller/input_Your Password_password'

2021-08-11 15:22:53 - [TEST_STEP][PASSED] - click(findTestObject("Navigate to seller/input_Your Password_login-submit")): Object: 'Object Repository/Navigate to seller/input_Your Password_login-submit' is clicked on

2021-08-11 15:23:25 - [MESSAGE][PASSED] - Object: 'Object Repository/Navigate to seller/input_Your Password_login-submit' is clicked on

2021-08-11 15:23:25 - [TEST_STEP][PASSED] - click(findTestObject("Navigate to seller/a_Accept Cookies")): Object: 'Object Repository/Navigate to seller/a_Accept Cookies' is clicked on

2021-08-11 15:23:26 - [MESSAGE][PASSED] - Object: 'Object Repository/Navigate to seller/a_Accept Cookies' is clicked on

2021-08-11 15:23:26 - [MESSAGE][PASSED] - Call Test Case 'Test Cases/Utilities/Seller/Navigate to Seller 1' successfully

2021-08-11 15:23:26 - [TEST_STEP][PASSED] - for ([i = 0, i < 3, (i++)]): Call Test Case 'Test Cases/Utilities/Seller/Add Item Seller 1' successfully

2021-08-11 15:23:26 - [TEST_STEP][PASSED] - callTestCase(findTestCase("Utilities/Seller/Add Item Seller 1"), [:], STOP_ON_FAILURE): Call Test Case 'Test Cases/Utilities/Seller/Add Item Seller 1' successfully

2021-08-11 15:23:26 - [TEST_CASE][PASSED] - Test Cases/Utilities/Seller/Add Item Seller 1: Test Cases/Utilities/Seller/Add Item Seller 1

2021-08-11 15:23:26 - [TEST_STEP][PASSED] - currentcount = ITEM_COUNT: null

2021-08-11 15:23:26 - [TEST_STEP][PASSED] - println(currentcount): null

2021-08-11 15:23:26 - [TEST_STEP][PASSED] - if (currentcount == 0): Object: 'Object Repository/Navigate to seller/add_item' is clicked on

2021-08-11 15:23:26 - [TEST_STEP][PASSED] - mouseOver(findTestObject("Navigate to seller/seller_hover")): Object: 'Object Repository/Navigate to seller/seller_hover' is hovered

2021-08-11 15:23:27 - [MESSAGE][PASSED] - Object: 'Object Repository/Navigate to seller/seller_hover' is hovered

2021-08-11 15:23:27 - [TEST_STEP][PASSED] - click(findTestObject("Navigate to seller/add_item")): Object: 'Object Repository/Navigate to seller/add_item' is clicked on

2021-08-11 15:23:28 - [MESSAGE][PASSED] - Object: 'Object Repository/Navigate to seller/add_item' is clicked on

2021-08-11 15:23:28 - [TEST_STEP][PASSED] - click(findTestObject("ITEM UPLOAD/label")): Object: 'Object Repository/ITEM UPLOAD/label' is clicked on

2021-08-11 15:23:29 - [MESSAGE][PASSED] - Object: 'Object Repository/ITEM UPLOAD/label' is clicked on

2021-08-11 15:23:29 - [TEST_STEP][PASSED] - ts = System.currentTimeMillis() / 1000: null

2021-08-11 15:23:29 - [TEST_STEP][PASSED] - tsAsString = ts.toString(): null

2021-08-11 15:23:29 - [TEST_STEP][PASSED] - setText(findTestObject("ITEM UPLOAD/input_ITEM NAME _item-name"), "item" + tsAsString): Text 'item1628666609' is set on object 'Object Repository/ITEM UPLOAD/input_ITEM NAME _item-name'

2021-08-11 15:23:30 - [MESSAGE][PASSED] - Text 'item1628666609' is set on object 'Object Repository/ITEM UPLOAD/input_ITEM NAME _item-name'

2021-08-11 15:23:30 - [TEST_STEP][PASSED] - itemname = getAttribute(findTestObject("ITEM UPLOAD/input_ITEM NAME _item-name"), "value"): Attribute 'value' of object 'Object Repository/ITEM UPLOAD/input_ITEM NAME _item-name' is: 'item1628666609'

2021-08-11 15:23:31 - [MESSAGE][PASSED] - Attribute 'value' of object 'Object Repository/ITEM UPLOAD/input_ITEM NAME _item-name' is: 'item1628666609'

2021-08-11 15:23:31 - [TEST_STEP][PASSED] - nxtcount = currentcount + 1: null

2021-08-11 15:23:31 - [TEST_STEP][PASSED] - if (currentcount == 1): null

2021-08-11 15:23:31 - [TEST_STEP][PASSED] - else if (currentcount == 2): null

2021-08-11 15:23:31 - [TEST_STEP][PASSED] - else: globalVariable.GlobalVariableUpdater.updatePermanently is PASSED

2021-08-11 15:23:31 - [TEST_STEP][PASSED] - globalVariable.GlobalVariableUpdater.updatePermanently("default", "SELLER_1_ITEM3", itemname): globalVariable.GlobalVariableUpdater.updatePermanently is PASSED

2021-08-11 15:23:31 - [MESSAGE][PASSED] - globalVariable.GlobalVariableUpdater.updatePermanently is PASSED

2021-08-11 15:23:31 - [TEST_STEP][PASSED] - ITEM_COUNT = nxtcount: null

2021-08-11 15:23:31 - [TEST_STEP][PASSED] - setText(findTestObject("ITEM UPLOAD/input_PRICE _item-price"), "5999"): Text '5999' is set on object 'Object Repository/ITEM UPLOAD/input_PRICE _item-price'

2021-08-11 15:23:32 - [MESSAGE][PASSED] - Text '5999' is set on object 'Object Repository/ITEM UPLOAD/input_PRICE _item-price'

2021-08-11 15:23:32 - [TEST_STEP][PASSED] - setText(findTestObject("ITEM UPLOAD/input_ID_sku-field"), tsAsString): Text '1628666609' is set on object 'Object Repository/ITEM UPLOAD/input_ID_sku-field'

2021-08-11 15:23:32 - [MESSAGE][PASSED] - Text '1628666609' is set on object 'Object Repository/ITEM UPLOAD/input_ID_sku-field'

2021-08-11 15:23:32 - [TEST_STEP][PASSED] - setText(findTestObject("ITEM UPLOAD/textarea_ITEM DESCRIPTION _item-description"), "item desc" + tsAsString): Text 'item desc1628666609' is set on object 'Object Repository/ITEM UPLOAD/textarea_ITEM DESCRIPTION _item-description'

2021-08-11 15:23:33 - [MESSAGE][PASSED] - Text 'item desc1628666609' is set on object 'Object Repository/ITEM UPLOAD/textarea_ITEM DESCRIPTION _item-description'

2021-08-11 15:23:33 - [TEST_STEP][PASSED] - comment("Image Uploading"): Image Uploading

2021-08-11 15:23:33 - [MESSAGE][INFO] - Image Uploading

2021-08-11 15:23:33 - [TEST_STEP][PASSED] - click(findTestObject("ITEM UPLOAD/a_BROWSE")): Object: 'Object Repository/ITEM UPLOAD/a_BROWSE' is clicked on

2021-08-11 15:23:33 - [MESSAGE][PASSED] - Object: 'Object Repository/ITEM UPLOAD/a_BROWSE' is clicked on

2021-08-11 15:23:33 - [TEST_STEP][PASSED] - userDir = System.getProperty("user.dir"): null

2021-08-11 15:23:33 - [TEST_STEP][PASSED] - filePath = userDir + "\images\medicine.jpg": null

2021-08-11 15:23:33 - [TEST_STEP][PASSED] - uploadFile(findTestObject("ITEM UPLOAD/input_Upload Image_upload-file"), filePath): File 'D:\GITHUB\automation-product-bundling-core\images\medicine.jpg' sent to object: 'Object Repository/ITEM UPLOAD/input_Upload Image_upload-file'

2021-08-11 15:23:34 - [MESSAGE][PASSED] - File 'D:\GITHUB\automation-product-bundling-core\images\medicine.jpg' sent to object: 'Object Repository/ITEM UPLOAD/input_Upload Image_upload-file'

2021-08-11 15:23:34 - [TEST_STEP][PASSED] - click(findTestObject("ITEM UPLOAD/div_Upload Image_crop")): Object: 'Object Repository/ITEM UPLOAD/div_Upload Image_crop' is clicked on

2021-08-11 15:23:35 - [MESSAGE][PASSED] - Object: 'Object Repository/ITEM UPLOAD/div_Upload Image_crop' is clicked on

2021-08-11 15:23:35 - [TEST_STEP][PASSED] - setText(findTestObject("ITEM UPLOAD/input_QUANTITY _item-quantity"), "200"): Text '200' is set on object 'Object Repository/ITEM UPLOAD/input_QUANTITY _item-quantity'

2021-08-11 15:23:36 - [MESSAGE][PASSED] - Text '200' is set on object 'Object Repository/ITEM UPLOAD/input_QUANTITY _item-quantity'

2021-08-11 15:23:36 - [TEST_STEP][PASSED] - click(findTestObject("ITEM UPLOAD/a_SAVE")): Object: 'Object Repository/ITEM UPLOAD/a_SAVE' is clicked on

2021-08-11 15:23:36 - [MESSAGE][PASSED] - Object: 'Object Repository/ITEM UPLOAD/a_SAVE' is clicked on

2021-08-11 15:23:36 - [TEST_STEP][PASSED] - click(findTestObject("Item Upload/button_do_it_laturr")): Object: 'Object Repository/Item Upload/button_do_it_laturr' is clicked on

2021-08-11 15:23:40 - [MESSAGE][PASSED] - Object: 'Object Repository/Item Upload/button_do_it_laturr' is clicked on

2021-08-11 15:23:40 - [MESSAGE][PASSED] - Call Test Case 'Test Cases/Utilities/Seller/Add Item Seller 1' successfully

2021-08-11 15:23:40 - [TEST_STEP][PASSED] - callTestCase(findTestCase("Utilities/Seller/Add Item Seller 1"), [:], STOP_ON_FAILURE): Call Test Case 'Test Cases/Utilities/Seller/Add Item Seller 1' successfully

2021-08-11 15:23:40 - [TEST_CASE][PASSED] - Test Cases/Utilities/Seller/Add Item Seller 1: Test Cases/Utilities/Seller/Add Item Seller 1

2021-08-11 15:23:40 - [TEST_STEP][PASSED] - currentcount = ITEM_COUNT: null

2021-08-11 15:23:40 - [TEST_STEP][PASSED] - println(currentcount): null

2021-08-11 15:23:40 - [TEST_STEP][PASSED] - if (currentcount == 0): null

2021-08-11 15:23:40 - [TEST_STEP][PASSED] - else: Object: 'Object Repository/Navigate to seller/label_add_item' is clicked on

2021-08-11 15:23:40 - [TEST_STEP][PASSED] - click(findTestObject("Navigate to seller/label_add_item")): Object: 'Object Repository/Navigate to seller/label_add_item' is clicked on

2021-08-11 15:23:42 - [MESSAGE][PASSED] - Object: 'Object Repository/Navigate to seller/label_add_item' is clicked on

2021-08-11 15:23:42 - [TEST_STEP][PASSED] - click(findTestObject("ITEM UPLOAD/label")): Object: 'Object Repository/ITEM UPLOAD/label' is clicked on

2021-08-11 15:23:43 - [MESSAGE][PASSED] - Object: 'Object Repository/ITEM UPLOAD/label' is clicked on

2021-08-11 15:23:43 - [TEST_STEP][PASSED] - ts = System.currentTimeMillis() / 1000: null

2021-08-11 15:23:43 - [TEST_STEP][PASSED] - tsAsString = ts.toString(): null

2021-08-11 15:23:43 - [TEST_STEP][PASSED] - setText(findTestObject("ITEM UPLOAD/input_ITEM NAME _item-name"), "item" + tsAsString): Text 'item1628666623' is set on object 'Object Repository/ITEM UPLOAD/input_ITEM NAME _item-name'

2021-08-11 15:23:44 - [MESSAGE][PASSED] - Text 'item1628666623' is set on object 'Object Repository/ITEM UPLOAD/input_ITEM NAME _item-name'

2021-08-11 15:23:44 - [TEST_STEP][PASSED] - itemname = getAttribute(findTestObject("ITEM UPLOAD/input_ITEM NAME _item-name"), "value"): Attribute 'value' of object 'Object Repository/ITEM UPLOAD/input_ITEM NAME _item-name' is: 'item1628666623'

2021-08-11 15:23:44 - [MESSAGE][PASSED] - Attribute 'value' of object 'Object Repository/ITEM UPLOAD/input_ITEM NAME _item-name' is: 'item1628666623'

2021-08-11 15:23:44 - [TEST_STEP][PASSED] - nxtcount = currentcount + 1: null

2021-08-11 15:23:44 - [TEST_STEP][PASSED] - if (currentcount == 1): globalVariable.GlobalVariableUpdater.updatePermanently is PASSED

2021-08-11 15:23:44 - [TEST_STEP][PASSED] - globalVariable.GlobalVariableUpdater.updatePermanently("default", "SELLER_1_ITEM1", itemname): globalVariable.GlobalVariableUpdater.updatePermanently is PASSED

2021-08-11 15:23:44 - [MESSAGE][PASSED] - globalVariable.GlobalVariableUpdater.updatePermanently is PASSED

2021-08-11 15:23:44 - [TEST_STEP][PASSED] - ITEM_COUNT = nxtcount: null

2021-08-11 15:23:44 - [TEST_STEP][PASSED] - setText(findTestObject("ITEM UPLOAD/input_PRICE _item-price"), "5999"): Text '5999' is set on object 'Object Repository/ITEM UPLOAD/input_PRICE _item-price'

2021-08-11 15:23:45 - [MESSAGE][PASSED] - Text '5999' is set on object 'Object Repository/ITEM UPLOAD/input_PRICE _item-price'

2021-08-11 15:23:45 - [TEST_STEP][PASSED] - setText(findTestObject("ITEM UPLOAD/input_ID_sku-field"), tsAsString): Text '1628666623' is set on object 'Object Repository/ITEM UPLOAD/input_ID_sku-field'

2021-08-11 15:23:45 - [MESSAGE][PASSED] - Text '1628666623' is set on object 'Object Repository/ITEM UPLOAD/input_ID_sku-field'

2021-08-11 15:23:45 - [TEST_STEP][PASSED] - setText(findTestObject("ITEM UPLOAD/textarea_ITEM DESCRIPTION _item-description"), "item desc" + tsAsString): Text 'item desc1628666623' is set on object 'Object Repository/ITEM UPLOAD/textarea_ITEM DESCRIPTION _item-description'

2021-08-11 15:23:46 - [MESSAGE][PASSED] - Text 'item desc1628666623' is set on object 'Object Repository/ITEM UPLOAD/textarea_ITEM DESCRIPTION _item-description'

2021-08-11 15:23:46 - [TEST_STEP][PASSED] - comment("Image Uploading"): Image Uploading

2021-08-11 15:23:46 - [MESSAGE][INFO] - Image Uploading

2021-08-11 15:23:46 - [TEST_STEP][PASSED] - click(findTestObject("ITEM UPLOAD/a_BROWSE")): Object: 'Object Repository/ITEM UPLOAD/a_BROWSE' is clicked on

2021-08-11 15:23:46 - [MESSAGE][PASSED] - Object: 'Object Repository/ITEM UPLOAD/a_BROWSE' is clicked on

2021-08-11 15:23:46 - [TEST_STEP][PASSED] - userDir = System.getProperty("user.dir"): null

2021-08-11 15:23:46 - [TEST_STEP][PASSED] - filePath = userDir + "\images\medicine.jpg": null

2021-08-11 15:23:46 - [TEST_STEP][PASSED] - uploadFile(findTestObject("ITEM UPLOAD/input_Upload Image_upload-file"), filePath): File 'D:\GITHUB\automation-product-bundling-core\images\medicine.jpg' sent to object: 'Object Repository/ITEM UPLOAD/input_Upload Image_upload-file'

2021-08-11 15:23:47 - [MESSAGE][PASSED] - File 'D:\GITHUB\automation-product-bundling-core\images\medicine.jpg' sent to object: 'Object Repository/ITEM UPLOAD/input_Upload Image_upload-file'

2021-08-11 15:23:47 - [TEST_STEP][PASSED] - click(findTestObject("ITEM UPLOAD/div_Upload Image_crop")): Object: 'Object Repository/ITEM UPLOAD/div_Upload Image_crop' is clicked on

2021-08-11 15:23:48 - [MESSAGE][PASSED] - Object: 'Object Repository/ITEM UPLOAD/div_Upload Image_crop' is clicked on

2021-08-11 15:23:48 - [TEST_STEP][PASSED] - setText(findTestObject("ITEM UPLOAD/input_QUANTITY _item-quantity"), "200"): Text '200' is set on object 'Object Repository/ITEM UPLOAD/input_QUANTITY _item-quantity'

2021-08-11 15:23:49 - [MESSAGE][PASSED] - Text '200' is set on object 'Object Repository/ITEM UPLOAD/input_QUANTITY _item-quantity'

2021-08-11 15:23:49 - [TEST_STEP][PASSED] - click(findTestObject("ITEM UPLOAD/a_SAVE")): Object: 'Object Repository/ITEM UPLOAD/a_SAVE' is clicked on

2021-08-11 15:23:49 - [MESSAGE][PASSED] - Object: 'Object Repository/ITEM UPLOAD/a_SAVE' is clicked on

2021-08-11 15:23:49 - [TEST_STEP][PASSED] - click(findTestObject("Item Upload/button_do_it_laturr")): Object: 'Object Repository/Item Upload/button_do_it_laturr' is clicked on

2021-08-11 15:23:53 - [MESSAGE][PASSED] - Object: 'Object Repository/Item Upload/button_do_it_laturr' is clicked on

2021-08-11 15:23:53 - [MESSAGE][PASSED] - Call Test Case 'Test Cases/Utilities/Seller/Add Item Seller 1' successfully

2021-08-11 15:23:53 - [TEST_STEP][PASSED] - callTestCase(findTestCase("Utilities/Seller/Add Item Seller 1"), [:], STOP_ON_FAILURE): Call Test Case 'Test Cases/Utilities/Seller/Add Item Seller 1' successfully

2021-08-11 15:23:53 - [TEST_CASE][PASSED] - Test Cases/Utilities/Seller/Add Item Seller 1: Test Cases/Utilities/Seller/Add Item Seller 1

2021-08-11 15:23:53 - [TEST_STEP][PASSED] - currentcount = ITEM_COUNT: null

2021-08-11 15:23:53 - [TEST_STEP][PASSED] - println(currentcount): null

2021-08-11 15:23:53 - [TEST_STEP][PASSED] - if (currentcount == 0): null

2021-08-11 15:23:53 - [TEST_STEP][PASSED] - else: Object: 'Object Repository/Navigate to seller/label_add_item' is clicked on

2021-08-11 15:23:53 - [TEST_STEP][PASSED] - click(findTestObject("Navigate to seller/label_add_item")): Object: 'Object Repository/Navigate to seller/label_add_item' is clicked on

2021-08-11 15:23:55 - [MESSAGE][PASSED] - Object: 'Object Repository/Navigate to seller/label_add_item' is clicked on

2021-08-11 15:23:55 - [TEST_STEP][PASSED] - click(findTestObject("ITEM UPLOAD/label")): Object: 'Object Repository/ITEM UPLOAD/label' is clicked on

2021-08-11 15:23:56 - [MESSAGE][PASSED] - Object: 'Object Repository/ITEM UPLOAD/label' is clicked on

2021-08-11 15:23:56 - [TEST_STEP][PASSED] - ts = System.currentTimeMillis() / 1000: null

2021-08-11 15:23:56 - [TEST_STEP][PASSED] - tsAsString = ts.toString(): null

2021-08-11 15:23:56 - [TEST_STEP][PASSED] - setText(findTestObject("ITEM UPLOAD/input_ITEM NAME _item-name"), "item" + tsAsString): Text 'item1628666636' is set on object 'Object Repository/ITEM UPLOAD/input_ITEM NAME _item-name'

2021-08-11 15:23:58 - [MESSAGE][PASSED] - Text 'item1628666636' is set on object 'Object Repository/ITEM UPLOAD/input_ITEM NAME _item-name'

2021-08-11 15:23:58 - [TEST_STEP][PASSED] - itemname = getAttribute(findTestObject("ITEM UPLOAD/input_ITEM NAME _item-name"), "value"): Attribute 'value' of object 'Object Repository/ITEM UPLOAD/input_ITEM NAME _item-name' is: 'item1628666636'

2021-08-11 15:23:58 - [MESSAGE][PASSED] - Attribute 'value' of object 'Object Repository/ITEM UPLOAD/input_ITEM NAME _item-name' is: 'item1628666636'

2021-08-11 15:23:58 - [TEST_STEP][PASSED] - nxtcount = currentcount + 1: null

2021-08-11 15:23:58 - [TEST_STEP][PASSED] - if (currentcount == 1): null

2021-08-11 15:23:58 - [TEST_STEP][PASSED] - else if (currentcount == 2): globalVariable.GlobalVariableUpdater.updatePermanently is PASSED

2021-08-11 15:23:58 - [TEST_STEP][PASSED] - globalVariable.GlobalVariableUpdater.updatePermanently("default", "SELLER_1_ITEM2", itemname): globalVariable.GlobalVariableUpdater.updatePermanently is PASSED

2021-08-11 15:23:58 - [MESSAGE][PASSED] - globalVariable.GlobalVariableUpdater.updatePermanently is PASSED

2021-08-11 15:23:58 - [TEST_STEP][PASSED] - ITEM_COUNT = nxtcount: null

2021-08-11 15:23:58 - [TEST_STEP][PASSED] - setText(findTestObject("ITEM UPLOAD/input_PRICE _item-price"), "5999"): Text '5999' is set on object 'Object Repository/ITEM UPLOAD/input_PRICE _item-price'

2021-08-11 15:23:59 - [MESSAGE][PASSED] - Text '5999' is set on object 'Object Repository/ITEM UPLOAD/input_PRICE _item-price'

2021-08-11 15:23:59 - [TEST_STEP][PASSED] - setText(findTestObject("ITEM UPLOAD/input_ID_sku-field"), tsAsString): Text '1628666636' is set on object 'Object Repository/ITEM UPLOAD/input_ID_sku-field'

2021-08-11 15:23:59 - [MESSAGE][PASSED] - Text '1628666636' is set on object 'Object Repository/ITEM UPLOAD/input_ID_sku-field'

2021-08-11 15:23:59 - [TEST_STEP][PASSED] - setText(findTestObject("ITEM UPLOAD/textarea_ITEM DESCRIPTION _item-description"), "item desc" + tsAsString): Text 'item desc1628666636' is set on object 'Object Repository/ITEM UPLOAD/textarea_ITEM DESCRIPTION _item-description'

2021-08-11 15:24:00 - [MESSAGE][PASSED] - Text 'item desc1628666636' is set on object 'Object Repository/ITEM UPLOAD/textarea_ITEM DESCRIPTION _item-description'

2021-08-11 15:24:00 - [TEST_STEP][PASSED] - comment("Image Uploading"): Image Uploading

2021-08-11 15:24:00 - [MESSAGE][INFO] - Image Uploading

2021-08-11 15:24:00 - [TEST_STEP][PASSED] - click(findTestObject("ITEM UPLOAD/a_BROWSE")): Object: 'Object Repository/ITEM UPLOAD/a_BROWSE' is clicked on

2021-08-11 15:24:00 - [MESSAGE][PASSED] - Object: 'Object Repository/ITEM UPLOAD/a_BROWSE' is clicked on

2021-08-11 15:24:00 - [TEST_STEP][PASSED] - userDir = System.getProperty("user.dir"): null

2021-08-11 15:24:00 - [TEST_STEP][PASSED] - filePath = userDir + "\images\medicine.jpg": null

2021-08-11 15:24:00 - [TEST_STEP][PASSED] - uploadFile(findTestObject("ITEM UPLOAD/input_Upload Image_upload-file"), filePath): File 'D:\GITHUB\automation-product-bundling-core\images\medicine.jpg' sent to object: 'Object Repository/ITEM UPLOAD/input_Upload Image_upload-file'

2021-08-11 15:24:01 - [MESSAGE][PASSED] - File 'D:\GITHUB\automation-product-bundling-core\images\medicine.jpg' sent to object: 'Object Repository/ITEM UPLOAD/input_Upload Image_upload-file'

2021-08-11 15:24:01 - [TEST_STEP][PASSED] - click(findTestObject("ITEM UPLOAD/div_Upload Image_crop")): Object: 'Object Repository/ITEM UPLOAD/div_Upload Image_crop' is clicked on

2021-08-11 15:24:02 - [MESSAGE][PASSED] - Object: 'Object Repository/ITEM UPLOAD/div_Upload Image_crop' is clicked on

2021-08-11 15:24:02 - [TEST_STEP][PASSED] - setText(findTestObject("ITEM UPLOAD/input_QUANTITY _item-quantity"), "200"): Text '200' is set on object 'Object Repository/ITEM UPLOAD/input_QUANTITY _item-quantity'

2021-08-11 15:24:03 - [MESSAGE][PASSED] - Text '200' is set on object 'Object Repository/ITEM UPLOAD/input_QUANTITY _item-quantity'

2021-08-11 15:24:03 - [TEST_STEP][PASSED] - click(findTestObject("ITEM UPLOAD/a_SAVE")): Object: 'Object Repository/ITEM UPLOAD/a_SAVE' is clicked on

2021-08-11 15:24:03 - [MESSAGE][PASSED] - Object: 'Object Repository/ITEM UPLOAD/a_SAVE' is clicked on

2021-08-11 15:24:03 - [TEST_STEP][PASSED] - click(findTestObject("Item Upload/button_do_it_laturr")): Object: 'Object Repository/Item Upload/button_do_it_laturr' is clicked on

2021-08-11 15:24:06 - [MESSAGE][PASSED] - Object: 'Object Repository/Item Upload/button_do_it_laturr' is clicked on

2021-08-11 15:24:06 - [MESSAGE][PASSED] - Call Test Case 'Test Cases/Utilities/Seller/Add Item Seller 1' successfully]]></system-out>
         <system-err><![CDATA[]]></system-err>
      </testcase>
      <testcase name="Test Cases/Product Bundling/UI/01_buttonProductBundling" time="2.156" classname="Test Cases/Product Bundling/UI/01_buttonProductBundling" status="PASSED">
         <system-out><![CDATA[2021-08-11 15:24:06 - [TEST_CASE][PASSED] - Test Cases/Product Bundling/UI/01_buttonProductBundling: Test Cases/Product Bundling/UI/01_buttonProductBundling

2021-08-11 15:24:06 - [TEST_STEP][PASSED] - click(findTestObject("add_item_staging/a_ADD ITEM")): Object: 'Object Repository/add_item_staging/a_ADD ITEM' is clicked on

2021-08-11 15:24:07 - [MESSAGE][PASSED] - Object: 'Object Repository/add_item_staging/a_ADD ITEM' is clicked on

2021-08-11 15:24:07 - [TEST_STEP][PASSED] - verifyElementPresent(findTestObject("Item Upload/button_Product bundling"), 0): Object 'Object Repository/Item Upload/button_Product bundling' is present

2021-08-11 15:24:07 - [MESSAGE][WARNING] - Timeout '0' is invalid. Using default page load timeout: '30'

2021-08-11 15:24:08 - [MESSAGE][PASSED] - Object 'Object Repository/Item Upload/button_Product bundling' is present]]></system-out>
         <system-err><![CDATA[]]></system-err>
      </testcase>
      <testcase name="Test Cases/Product Bundling/UI/02_defaultValueProductBundling" time="0.468" classname="Test Cases/Product Bundling/UI/02_defaultValueProductBundling" status="PASSED">
         <system-out><![CDATA[2021-08-11 15:24:08 - [TEST_CASE][PASSED] - Test Cases/Product Bundling/UI/02_defaultValueProductBundling: Test Cases/Product Bundling/UI/02_defaultValueProductBundling

2021-08-11 15:24:08 - [TEST_STEP][PASSED] - verifyElementText(findTestObject("Item Upload/button_Product bundling"), "PRODUCT BUNDLING(0)"): Actual text and expected text of test object 'Object Repository/Item Upload/button_Product bundling' are matched.

2021-08-11 15:24:08 - [MESSAGE][PASSED] - Actual text and expected text of test object 'Object Repository/Item Upload/button_Product bundling' are matched.]]></system-out>
         <system-err><![CDATA[]]></system-err>
      </testcase>
      <testcase name="Test Cases/Product Bundling/UI/03_popUpWindowProductBundling" time="4.131" classname="Test Cases/Product Bundling/UI/03_popUpWindowProductBundling" status="PASSED">
         <system-out><![CDATA[2021-08-11 15:24:08 - [TEST_CASE][PASSED] - Test Cases/Product Bundling/UI/03_popUpWindowProductBundling: Test Cases/Product Bundling/UI/03_popUpWindowProductBundling

2021-08-11 15:24:08 - [TEST_STEP][PASSED] - waitForElementVisible(findTestObject("add_item_staging/a_PRODUCT BUNDLING(0)"), 0): Object 'Object Repository/add_item_staging/a_PRODUCT BUNDLING(0)' is visible

2021-08-11 15:24:09 - [MESSAGE][WARNING] - Timeout '0' is invalid. Using default page load timeout: '30'

2021-08-11 15:24:09 - [MESSAGE][PASSED] - Object 'Object Repository/add_item_staging/a_PRODUCT BUNDLING(0)' is visible

2021-08-11 15:24:09 - [TEST_STEP][PASSED] - delay(2): Delayed 2 second(s)

2021-08-11 15:24:11 - [MESSAGE][PASSED] - Delayed 2 second(s)

2021-08-11 15:24:11 - [TEST_STEP][PASSED] - waitForElementClickable(findTestObject("add_item_staging/a_PRODUCT BUNDLING(0)"), 0): Object 'Object Repository/add_item_staging/a_PRODUCT BUNDLING(0)' is clickable

2021-08-11 15:24:11 - [MESSAGE][WARNING] - Timeout '0' is invalid. Using default page load timeout: '30'

2021-08-11 15:24:11 - [MESSAGE][PASSED] - Object 'Object Repository/add_item_staging/a_PRODUCT BUNDLING(0)' is clickable

2021-08-11 15:24:11 - [TEST_STEP][PASSED] - click(findTestObject("add_item_staging/a_PRODUCT BUNDLING(0)")): Object: 'Object Repository/add_item_staging/a_PRODUCT BUNDLING(0)' is clicked on

2021-08-11 15:24:12 - [MESSAGE][PASSED] - Object: 'Object Repository/add_item_staging/a_PRODUCT BUNDLING(0)' is clicked on

2021-08-11 15:24:12 - [TEST_STEP][PASSED] - waitForElementPresent(findTestObject("Item Upload/popUpWindow_productBundling"), 0): Object 'Object Repository/Item Upload/popUpWindow_productBundling' is present

2021-08-11 15:24:12 - [MESSAGE][WARNING] - Timeout '0' is invalid. Using default page load timeout: '30'

2021-08-11 15:24:12 - [MESSAGE][PASSED] - Object 'Object Repository/Item Upload/popUpWindow_productBundling' is present

2021-08-11 15:24:12 - [TEST_STEP][PASSED] - verifyElementPresent(findTestObject("Item Upload/popUpWindow_productBundling"), 0): Object 'Object Repository/Item Upload/popUpWindow_productBundling' is present

2021-08-11 15:24:12 - [MESSAGE][WARNING] - Timeout '0' is invalid. Using default page load timeout: '30'

2021-08-11 15:24:12 - [MESSAGE][PASSED] - Object 'Object Repository/Item Upload/popUpWindow_productBundling' is present]]></system-out>
         <system-err><![CDATA[]]></system-err>
      </testcase>
      <testcase name="Test Cases/Product Bundling/UI/05_textlabel_searchItemName" time="0.415" classname="Test Cases/Product Bundling/UI/05_textlabel_searchItemName" status="PASSED">
         <system-out><![CDATA[2021-08-11 15:24:12 - [TEST_CASE][PASSED] - Test Cases/Product Bundling/UI/05_textlabel_searchItemName: Test Cases/Product Bundling/UI/05_textlabel_searchItemName

2021-08-11 15:24:13 - [TEST_STEP][PASSED] - verifyElementPresent(findTestObject("Item Upload/label_Search Item Name"), 0): Object 'Object Repository/Item Upload/label_Search Item Name' is present

2021-08-11 15:24:13 - [MESSAGE][WARNING] - Timeout '0' is invalid. Using default page load timeout: '30'

2021-08-11 15:24:13 - [MESSAGE][PASSED] - Object 'Object Repository/Item Upload/label_Search Item Name' is present]]></system-out>
         <system-err><![CDATA[]]></system-err>
      </testcase>
      <testcase name="Test Cases/Product Bundling/UI/06_emptySelectedItemandItemFound" time="0.973" classname="Test Cases/Product Bundling/UI/06_emptySelectedItemandItemFound" status="PASSED">
         <system-out><![CDATA[2021-08-11 15:24:13 - [TEST_CASE][PASSED] - Test Cases/Product Bundling/UI/06_emptySelectedItemandItemFound: Test Cases/Product Bundling/UI/06_emptySelectedItemandItemFound

2021-08-11 15:24:13 - [TEST_STEP][PASSED] - verifyElementNotPresent(findTestObject("Item Upload/item_selected 1"), 0): Web element with id: 'Object Repository/Item Upload/item_selected 1' located by 'By.xpath: id("pBuilding")/div[@class="modal-dialog"]/div[@class="modal-body"]/div[@class="bundling-wrapper"]/div[@class="form-bundle"]/div[@class="selected-items"]/ul[1]/li[1]/span[1]' is not present after '30' second(s)

2021-08-11 15:24:13 - [MESSAGE][WARNING] - Timeout '0' is invalid. Using default page load timeout: '30'

2021-08-11 15:24:14 - [MESSAGE][PASSED] - Web element with id: 'Object Repository/Item Upload/item_selected 1' located by 'By.xpath: id("pBuilding")/div[@class="modal-dialog"]/div[@class="modal-body"]/div[@class="bundling-wrapper"]/div[@class="form-bundle"]/div[@class="selected-items"]/ul[1]/li[1]/span[1]' is not present after '30' second(s)

2021-08-11 15:24:14 - [TEST_STEP][PASSED] - verifyElementNotPresent(findTestObject("Item Upload/checkbox_itemfound 1"), 0): Web element with id: 'Object Repository/Item Upload/checkbox_itemfound 1' located by 'By.xpath: id("pBuilding")/div[@class="modal-dialog"]/div[@class="modal-body"]/div[@class="bundling-wrapper"]/div[@class="form-bundle"]/div[@class="found-items"]/div[@class="fancy-checkbox checkbox-sm"]/label[1]' is not present after '30' second(s)

2021-08-11 15:24:14 - [MESSAGE][WARNING] - Timeout '0' is invalid. Using default page load timeout: '30'

2021-08-11 15:24:14 - [MESSAGE][PASSED] - Web element with id: 'Object Repository/Item Upload/checkbox_itemfound 1' located by 'By.xpath: id("pBuilding")/div[@class="modal-dialog"]/div[@class="modal-body"]/div[@class="bundling-wrapper"]/div[@class="form-bundle"]/div[@class="found-items"]/div[@class="fancy-checkbox checkbox-sm"]/label[1]' is not present after '30' second(s)]]></system-out>
         <system-err><![CDATA[]]></system-err>
      </testcase>
      <testcase name="Test Cases/Product Bundling/UI/07_closeButton" time="0.429" classname="Test Cases/Product Bundling/UI/07_closeButton" status="PASSED">
         <system-out><![CDATA[2021-08-11 15:24:14 - [TEST_CASE][PASSED] - Test Cases/Product Bundling/UI/07_closeButton: Test Cases/Product Bundling/UI/07_closeButton

2021-08-11 15:24:14 - [TEST_STEP][PASSED] - verifyElementPresent(findTestObject("Item Upload/button_close"), 0): Object 'Object Repository/Item Upload/button_close' is present

2021-08-11 15:24:14 - [MESSAGE][WARNING] - Timeout '0' is invalid. Using default page load timeout: '30'

2021-08-11 15:24:14 - [MESSAGE][PASSED] - Object 'Object Repository/Item Upload/button_close' is present]]></system-out>
         <system-err><![CDATA[]]></system-err>
      </testcase>
      <testcase name="Test Cases/Product Bundling/UI/08_emptySearchTextField" time="0.434" classname="Test Cases/Product Bundling/UI/08_emptySearchTextField" status="PASSED">
         <system-out><![CDATA[2021-08-11 15:24:14 - [TEST_CASE][PASSED] - Test Cases/Product Bundling/UI/08_emptySearchTextField: Test Cases/Product Bundling/UI/08_emptySearchTextField

2021-08-11 15:24:14 - [TEST_STEP][PASSED] - verifyElementAttributeValue(findTestObject("Item Upload/textfield_Search Item Name"), "value", "", 0): Object 'Object Repository/Item Upload/textfield_Search Item Name' has attribute 'value' with value ''

2021-08-11 15:24:14 - [MESSAGE][WARNING] - Timeout '0' is invalid. Using default page load timeout: '30'

2021-08-11 15:24:15 - [MESSAGE][PASSED] - Object 'Object Repository/Item Upload/textfield_Search Item Name' has attribute 'value' with value '']]></system-out>
         <system-err><![CDATA[]]></system-err>
      </testcase>
      <testcase name="Test Cases/Product Bundling/UI/10_searchButton" time="0.406" classname="Test Cases/Product Bundling/UI/10_searchButton" status="PASSED">
         <system-out><![CDATA[2021-08-11 15:24:15 - [TEST_CASE][PASSED] - Test Cases/Product Bundling/UI/10_searchButton: Test Cases/Product Bundling/UI/10_searchButton

2021-08-11 15:24:15 - [TEST_STEP][PASSED] - verifyElementPresent(findTestObject("Item Upload/button_Search Item Name"), 0): Object 'Object Repository/Item Upload/button_Search Item Name' is present

2021-08-11 15:24:15 - [MESSAGE][WARNING] - Timeout '0' is invalid. Using default page load timeout: '30'

2021-08-11 15:24:15 - [MESSAGE][PASSED] - Object 'Object Repository/Item Upload/button_Search Item Name' is present]]></system-out>
         <system-err><![CDATA[]]></system-err>
      </testcase>
      <testcase name="Test Cases/Product Bundling/UI/11_textlabel_itemFound" time="0.411" classname="Test Cases/Product Bundling/UI/11_textlabel_itemFound" status="PASSED">
         <system-out><![CDATA[2021-08-11 15:24:15 - [TEST_CASE][PASSED] - Test Cases/Product Bundling/UI/11_textlabel_itemFound: Test Cases/Product Bundling/UI/11_textlabel_itemFound

2021-08-11 15:24:15 - [TEST_STEP][PASSED] - verifyElementPresent(findTestObject("Item Upload/label_Item Found"), 0): Object 'Object Repository/Item Upload/label_Item Found' is present

2021-08-11 15:24:15 - [MESSAGE][WARNING] - Timeout '0' is invalid. Using default page load timeout: '30'

2021-08-11 15:24:16 - [MESSAGE][PASSED] - Object 'Object Repository/Item Upload/label_Item Found' is present]]></system-out>
         <system-err><![CDATA[]]></system-err>
      </testcase>
      <testcase name="Test Cases/Product Bundling/UI/12_textlabel_selecteItem" time="0.403" classname="Test Cases/Product Bundling/UI/12_textlabel_selecteItem" status="PASSED">
         <system-out><![CDATA[2021-08-11 15:24:16 - [TEST_CASE][PASSED] - Test Cases/Product Bundling/UI/12_textlabel_selecteItem: Test Cases/Product Bundling/UI/12_textlabel_selecteItem

2021-08-11 15:24:16 - [TEST_STEP][PASSED] - verifyElementPresent(findTestObject("Item Upload/label_Selected Item"), 0): Object 'Object Repository/Item Upload/label_Selected Item' is present

2021-08-11 15:24:16 - [MESSAGE][WARNING] - Timeout '0' is invalid. Using default page load timeout: '30'

2021-08-11 15:24:16 - [MESSAGE][PASSED] - Object 'Object Repository/Item Upload/label_Selected Item' is present]]></system-out>
         <system-err><![CDATA[]]></system-err>
      </testcase>
      <testcase name="Test Cases/Product Bundling/UI/13_saveButton" time="0.766" classname="Test Cases/Product Bundling/UI/13_saveButton" status="PASSED">
         <system-out><![CDATA[2021-08-11 15:24:16 - [TEST_CASE][PASSED] - Test Cases/Product Bundling/UI/13_saveButton: Test Cases/Product Bundling/UI/13_saveButton

2021-08-11 15:24:16 - [TEST_STEP][PASSED] - verifyElementPresent(findTestObject("Item Upload/button_popUpSave"), 0): Object 'Object Repository/Item Upload/button_popUpSave' is present

2021-08-11 15:24:16 - [MESSAGE][WARNING] - Timeout '0' is invalid. Using default page load timeout: '30'

2021-08-11 15:24:16 - [MESSAGE][PASSED] - Object 'Object Repository/Item Upload/button_popUpSave' is present

2021-08-11 15:24:16 - [TEST_STEP][PASSED] - click(findTestObject("add_item_staging/a_Save")): Object: 'Object Repository/add_item_staging/a_Save' is clicked on

2021-08-11 15:24:17 - [MESSAGE][PASSED] - Object: 'Object Repository/add_item_staging/a_Save' is clicked on]]></system-out>
         <system-err><![CDATA[]]></system-err>
      </testcase>
      <system-out><![CDATA[2021-08-11 15:22:40 - [TEST_SUITE][PASSED] - PRODUCT_BUNDLING_1_UI: Test Cases/Product Bundling/UI/13_saveButton]]></system-out>
      <system-err><![CDATA[]]></system-err>
   </testsuite>
</testsuites>
