<?xml version="1.0" encoding="UTF-8"?>
<testsuites name="PRODUCT_BUNDLING_2_SIMPLE" time="116.975" tests="10" failures="0" errors="0">
   <testsuite name="PRODUCT_BUNDLING_2_SIMPLE" tests="10" failures="0" errors="0" time="116.975" timestamp="2021-08-11 15:28:32" hostname="Natasha - Natasha-PC" id="Test Suites/PRODUCT BUNDLING PH 3/PRODUCT_BUNDLING_2_SIMPLE">
      <properties>
         <property name="deviceName" value=""/>
         <property name="devicePlatform" value=""/>
         <property name="logFolder" value="D:\\GITHUB\\automation-product-bundling-core\\Reports\\20210811_152824\\PRODUCT BUNDLING PH 3\\PRODUCT_BUNDLING_2_SIMPLE\\20210811_152824"/>
         <property name="logFiles" value="D:\\GITHUB\\automation-product-bundling-core\\Reports\\20210811_152824\\PRODUCT BUNDLING PH 3\\PRODUCT_BUNDLING_2_SIMPLE\\20210811_152824\\execution0.log"/>
         <property name="attachments" value=""/>
         <property name="hostName" value="Natasha - Natasha-PC"/>
         <property name="os" value="Windows 10 64bit"/>
         <property name="katalonVersion" value="7.6.6.205"/>
         <property name="browser" value="Chrome 92.0.4515.131"/>
         <property name="hostAddress" value="192.168.254.103"/>
         <property name="sessionId" value="0bb7316799b5a038331411e561618acc"/>
         <property name="seleniumVersion" value="3.141.59"/>
         <property name="proxyInformation" value="ProxyInformation { proxyOption=NO_PROXY, proxyServerType=HTTP, username=, password=********, proxyServerAddress=, proxyServerPort=0, executionList=&quot;&quot;, isApplyToDesiredCapabilities=true }"/>
         <property name="platform" value="Windows 10"/>
      </properties>
      <testcase name="Test Cases/Utilities/Seller/Navigate to Seller 1" time="35.437" classname="Test Cases/Utilities/Seller/Navigate to Seller 1" status="PASSED">
         <system-out><![CDATA[2021-08-11 15:28:33 - [TEST_CASE][PASSED] - Test Cases/Utilities/Seller/Navigate to Seller 1: Test Cases/Utilities/Seller/Navigate to Seller 1

2021-08-11 15:28:33 - [TEST_STEP][PASSED] - openBrowser(""): Browser is opened with url: ''

2021-08-11 15:28:33 - [MESSAGE][INFO] - Starting 'Chrome' driver

2021-08-11 15:28:33 - [MESSAGE][INFO] - Action delay is set to 0 milliseconds

2021-08-11 15:28:35 - [MESSAGE][PASSED] - Browser is opened with url: ''

2021-08-11 15:28:35 - [TEST_STEP][PASSED] - maximizeWindow(): Current window maximized

2021-08-11 15:28:35 - [MESSAGE][PASSED] - Current window maximized

2021-08-11 15:28:35 - [TEST_STEP][PASSED] - navigateToUrl(URL_USER): Navigate to 'https://youhadmeathello.test.arcadier.io/' successfully

2021-08-11 15:28:38 - [MESSAGE][PASSED] - Navigate to 'https://youhadmeathello.test.arcadier.io/' successfully

2021-08-11 15:28:38 - [TEST_STEP][PASSED] - click(findTestObject("Navigate to seller/a_SIGN IN")): Object: 'Object Repository/Navigate to seller/a_SIGN IN' is clicked on

2021-08-11 15:28:39 - [MESSAGE][PASSED] - Object: 'Object Repository/Navigate to seller/a_SIGN IN' is clicked on

2021-08-11 15:28:39 - [TEST_STEP][PASSED] - setText(findTestObject("Navigate to seller/input_Your EmailUsername_username"), SELLER1_USERNAME): Text 'seller01' is set on object 'Object Repository/Navigate to seller/input_Your EmailUsername_username'

2021-08-11 15:28:41 - [MESSAGE][PASSED] - Text 'seller01' is set on object 'Object Repository/Navigate to seller/input_Your EmailUsername_username'

2021-08-11 15:28:41 - [TEST_STEP][PASSED] - setText(findTestObject("Navigate to seller/input_Your Password_password"), SELLER1_PASSWORD): Text 'welcome8' is set on object 'Object Repository/Navigate to seller/input_Your Password_password'

2021-08-11 15:28:41 - [MESSAGE][PASSED] - Text 'welcome8' is set on object 'Object Repository/Navigate to seller/input_Your Password_password'

2021-08-11 15:28:41 - [TEST_STEP][PASSED] - click(findTestObject("Navigate to seller/input_Your Password_login-submit")): Object: 'Object Repository/Navigate to seller/input_Your Password_login-submit' is clicked on

2021-08-11 15:29:07 - [MESSAGE][PASSED] - Object: 'Object Repository/Navigate to seller/input_Your Password_login-submit' is clicked on

2021-08-11 15:29:07 - [TEST_STEP][PASSED] - click(findTestObject("Navigate to seller/a_Accept Cookies")): Object: 'Object Repository/Navigate to seller/a_Accept Cookies' is clicked on

2021-08-11 15:29:08 - [MESSAGE][PASSED] - Object: 'Object Repository/Navigate to seller/a_Accept Cookies' is clicked on]]></system-out>
         <system-err><![CDATA[]]></system-err>
      </testcase>
      <testcase name="Test Cases/Product Bundling/Simple/09_redirectionCloseButton" time="6.876" classname="Test Cases/Product Bundling/Simple/09_redirectionCloseButton" status="PASSED">
         <system-out><![CDATA[2021-08-11 15:29:08 - [TEST_CASE][PASSED] - Test Cases/Product Bundling/Simple/09_redirectionCloseButton: Test Cases/Product Bundling/Simple/09_redirectionCloseButton

2021-08-11 15:29:08 - [TEST_STEP][PASSED] - mouseOver(findTestObject("Navigate to seller/seller_hover"), STOP_ON_FAILURE): Object: 'Object Repository/Navigate to seller/seller_hover' is hovered

2021-08-11 15:29:09 - [MESSAGE][PASSED] - Object: 'Object Repository/Navigate to seller/seller_hover' is hovered

2021-08-11 15:29:09 - [TEST_STEP][PASSED] - click(findTestObject("Navigate to seller/add_item")): Object: 'Object Repository/Navigate to seller/add_item' is clicked on

2021-08-11 15:29:10 - [MESSAGE][PASSED] - Object: 'Object Repository/Navigate to seller/add_item' is clicked on

2021-08-11 15:29:10 - [TEST_STEP][PASSED] - delay(1): Delayed 1 second(s)

2021-08-11 15:29:11 - [MESSAGE][PASSED] - Delayed 1 second(s)

2021-08-11 15:29:11 - [TEST_STEP][PASSED] - waitForElementPresent(findTestObject("Item Upload/popUpWindow_productBundling"), 0): Object 'Object Repository/Item Upload/popUpWindow_productBundling' is present

2021-08-11 15:29:11 - [MESSAGE][WARNING] - Timeout '0' is invalid. Using default page load timeout: '30'

2021-08-11 15:29:12 - [MESSAGE][PASSED] - Object 'Object Repository/Item Upload/popUpWindow_productBundling' is present

2021-08-11 15:29:12 - [TEST_STEP][PASSED] - click(findTestObject("Item Upload/button_Product bundling")): Object: 'Object Repository/Item Upload/button_Product bundling' is clicked on

2021-08-11 15:29:12 - [MESSAGE][PASSED] - Object: 'Object Repository/Item Upload/button_Product bundling' is clicked on

2021-08-11 15:29:12 - [TEST_STEP][PASSED] - delay(1): Delayed 1 second(s)

2021-08-11 15:29:13 - [MESSAGE][PASSED] - Delayed 1 second(s)

2021-08-11 15:29:13 - [TEST_STEP][PASSED] - click(findTestObject("add_item_staging/span_")): Object: 'Object Repository/add_item_staging/span_' is clicked on

2021-08-11 15:29:14 - [MESSAGE][PASSED] - Object: 'Object Repository/add_item_staging/span_' is clicked on

2021-08-11 15:29:14 - [TEST_STEP][PASSED] - verifyElementNotVisible(findTestObject("Item Upload/popUpWindow_productBundling"), STOP_ON_FAILURE): Object 'Object Repository/Item Upload/popUpWindow_productBundling' is NOT visible

2021-08-11 15:29:14 - [MESSAGE][PASSED] - Object 'Object Repository/Item Upload/popUpWindow_productBundling' is NOT visible

2021-08-11 15:29:14 - [TEST_STEP][PASSED] - delay(1): Delayed 1 second(s)

2021-08-11 15:29:15 - [MESSAGE][PASSED] - Delayed 1 second(s)]]></system-out>
         <system-err><![CDATA[]]></system-err>
      </testcase>
      <testcase name="Test Cases/Product Bundling/Simple/14_searchItem" time="5.516" classname="Test Cases/Product Bundling/Simple/14_searchItem" status="PASSED">
         <system-out><![CDATA[2021-08-11 15:29:15 - [TEST_CASE][PASSED] - Test Cases/Product Bundling/Simple/14_searchItem: Test Cases/Product Bundling/Simple/14_searchItem

2021-08-11 15:29:15 - [TEST_STEP][PASSED] - delay(1): Delayed 1 second(s)

2021-08-11 15:29:16 - [MESSAGE][PASSED] - Delayed 1 second(s)

2021-08-11 15:29:16 - [TEST_STEP][PASSED] - waitForElementPresent(findTestObject("add_item_staging/a_PRODUCT BUNDLING(0)"), 0): Object 'Object Repository/add_item_staging/a_PRODUCT BUNDLING(0)' is present

2021-08-11 15:29:16 - [MESSAGE][WARNING] - Timeout '0' is invalid. Using default page load timeout: '30'

2021-08-11 15:29:16 - [MESSAGE][PASSED] - Object 'Object Repository/add_item_staging/a_PRODUCT BUNDLING(0)' is present

2021-08-11 15:29:16 - [TEST_STEP][PASSED] - delay(0): Delayed 0 second(s)

2021-08-11 15:29:16 - [MESSAGE][PASSED] - Delayed 0 second(s)

2021-08-11 15:29:16 - [TEST_STEP][PASSED] - click(findTestObject("add_item_staging/a_PRODUCT BUNDLING(0)")): Object: 'Object Repository/add_item_staging/a_PRODUCT BUNDLING(0)' is clicked on

2021-08-11 15:29:17 - [MESSAGE][PASSED] - Object: 'Object Repository/add_item_staging/a_PRODUCT BUNDLING(0)' is clicked on

2021-08-11 15:29:17 - [TEST_STEP][PASSED] - waitForElementPresent(findTestObject("Item Upload/popUpWindow_productBundling"), 0): Object 'Object Repository/Item Upload/popUpWindow_productBundling' is present

2021-08-11 15:29:17 - [MESSAGE][WARNING] - Timeout '0' is invalid. Using default page load timeout: '30'

2021-08-11 15:29:17 - [MESSAGE][PASSED] - Object 'Object Repository/Item Upload/popUpWindow_productBundling' is present

2021-08-11 15:29:17 - [TEST_STEP][PASSED] - waitForElementPresent(findTestObject("Item Upload/textfield_Search Item Name"), 0): Object 'Object Repository/Item Upload/textfield_Search Item Name' is present

2021-08-11 15:29:17 - [MESSAGE][WARNING] - Timeout '0' is invalid. Using default page load timeout: '30'

2021-08-11 15:29:18 - [MESSAGE][PASSED] - Object 'Object Repository/Item Upload/textfield_Search Item Name' is present

2021-08-11 15:29:18 - [TEST_STEP][PASSED] - setText(findTestObject("Item Upload/textfield_Search Item Name"), SELLER_1_ITEM1): Text 'item1628666623' is set on object 'Object Repository/Item Upload/textfield_Search Item Name'

2021-08-11 15:29:18 - [MESSAGE][PASSED] - Text 'item1628666623' is set on object 'Object Repository/Item Upload/textfield_Search Item Name'

2021-08-11 15:29:18 - [TEST_STEP][PASSED] - click(findTestObject("Item Upload/button_Search Item Name")): Object: 'Object Repository/Item Upload/button_Search Item Name' is clicked on

2021-08-11 15:29:19 - [MESSAGE][PASSED] - Object: 'Object Repository/Item Upload/button_Search Item Name' is clicked on

2021-08-11 15:29:19 - [TEST_STEP][PASSED] - waitForElementVisible(findTestObject("add_item_staging/itemresult"), 0): Object 'Object Repository/add_item_staging/itemresult' is visible

2021-08-11 15:29:19 - [MESSAGE][WARNING] - Timeout '0' is invalid. Using default page load timeout: '30'

2021-08-11 15:29:20 - [MESSAGE][PASSED] - Object 'Object Repository/add_item_staging/itemresult' is visible]]></system-out>
         <system-err><![CDATA[]]></system-err>
      </testcase>
      <testcase name="Test Cases/Product Bundling/Simple/15_checkboxItemFound" time="3.518" classname="Test Cases/Product Bundling/Simple/15_checkboxItemFound" status="PASSED">
         <system-out><![CDATA[2021-08-11 15:29:20 - [TEST_CASE][PASSED] - Test Cases/Product Bundling/Simple/15_checkboxItemFound: Test Cases/Product Bundling/Simple/15_checkboxItemFound

2021-08-11 15:29:21 - [TEST_STEP][PASSED] - setText(findTestObject("Item Upload/textfield_Search Item Name"), SELLER_1_ITEM1): Text 'item1628666623' is set on object 'Object Repository/Item Upload/textfield_Search Item Name'

2021-08-11 15:29:21 - [MESSAGE][PASSED] - Text 'item1628666623' is set on object 'Object Repository/Item Upload/textfield_Search Item Name'

2021-08-11 15:29:21 - [TEST_STEP][PASSED] - click(findTestObject("Item Upload/button_Search Item Name")): Object: 'Object Repository/Item Upload/button_Search Item Name' is clicked on

2021-08-11 15:29:22 - [MESSAGE][PASSED] - Object: 'Object Repository/Item Upload/button_Search Item Name' is clicked on

2021-08-11 15:29:22 - [TEST_STEP][PASSED] - waitForElementVisible(findTestObject("Item Upload/checkbox_itemfound 1"), 0): Object 'Object Repository/Item Upload/checkbox_itemfound 1' is visible

2021-08-11 15:29:22 - [MESSAGE][WARNING] - Timeout '0' is invalid. Using default page load timeout: '30'

2021-08-11 15:29:24 - [MESSAGE][PASSED] - Object 'Object Repository/Item Upload/checkbox_itemfound 1' is visible

2021-08-11 15:29:24 - [TEST_STEP][PASSED] - verifyElementVisible(findTestObject("Item Upload/checkbox_itemfound 1"), STOP_ON_FAILURE): Object 'Object Repository/Item Upload/checkbox_itemfound 1' is visible

2021-08-11 15:29:24 - [MESSAGE][PASSED] - Object 'Object Repository/Item Upload/checkbox_itemfound 1' is visible]]></system-out>
         <system-err><![CDATA[]]></system-err>
      </testcase>
      <testcase name="Test Cases/Product Bundling/Simple/16_removeSelectedItem" time="4.791" classname="Test Cases/Product Bundling/Simple/16_removeSelectedItem" status="PASSED">
         <system-out><![CDATA[2021-08-11 15:29:24 - [TEST_CASE][PASSED] - Test Cases/Product Bundling/Simple/16_removeSelectedItem: Test Cases/Product Bundling/Simple/16_removeSelectedItem

2021-08-11 15:29:24 - [TEST_STEP][PASSED] - setText(findTestObject("Item Upload/textfield_Search Item Name"), SELLER_1_ITEM1): Text 'item1628666623' is set on object 'Object Repository/Item Upload/textfield_Search Item Name'

2021-08-11 15:29:25 - [MESSAGE][PASSED] - Text 'item1628666623' is set on object 'Object Repository/Item Upload/textfield_Search Item Name'

2021-08-11 15:29:25 - [TEST_STEP][PASSED] - click(findTestObject("Item Upload/button_Search Item Name")): Object: 'Object Repository/Item Upload/button_Search Item Name' is clicked on

2021-08-11 15:29:25 - [MESSAGE][PASSED] - Object: 'Object Repository/Item Upload/button_Search Item Name' is clicked on

2021-08-11 15:29:25 - [TEST_STEP][PASSED] - waitForElementPresent(findTestObject("Item Upload/checkbox_itemfound 1"), 0): Object 'Object Repository/Item Upload/checkbox_itemfound 1' is present

2021-08-11 15:29:25 - [MESSAGE][WARNING] - Timeout '0' is invalid. Using default page load timeout: '30'

2021-08-11 15:29:27 - [MESSAGE][PASSED] - Object 'Object Repository/Item Upload/checkbox_itemfound 1' is present

2021-08-11 15:29:27 - [TEST_STEP][PASSED] - click(findTestObject("Item Upload/checkbox_itemfound 1")): Object: 'Object Repository/Item Upload/checkbox_itemfound 1' is clicked on

2021-08-11 15:29:27 - [MESSAGE][PASSED] - Object: 'Object Repository/Item Upload/checkbox_itemfound 1' is clicked on

2021-08-11 15:29:27 - [TEST_STEP][PASSED] - waitForElementVisible(findTestObject("Item Upload/item_selected 1"), 0): Object 'Object Repository/Item Upload/item_selected 1' is visible

2021-08-11 15:29:27 - [MESSAGE][WARNING] - Timeout '0' is invalid. Using default page load timeout: '30'

2021-08-11 15:29:28 - [MESSAGE][PASSED] - Object 'Object Repository/Item Upload/item_selected 1' is visible

2021-08-11 15:29:28 - [TEST_STEP][PASSED] - verifyElementVisible(findTestObject("Item Upload/item_selected 1"), STOP_ON_FAILURE): Object 'Object Repository/Item Upload/item_selected 1' is visible

2021-08-11 15:29:28 - [MESSAGE][PASSED] - Object 'Object Repository/Item Upload/item_selected 1' is visible

2021-08-11 15:29:28 - [TEST_STEP][PASSED] - click(findTestObject("Item Upload/checkbox_itemfound 1")): Object: 'Object Repository/Item Upload/checkbox_itemfound 1' is clicked on

2021-08-11 15:29:28 - [MESSAGE][PASSED] - Object: 'Object Repository/Item Upload/checkbox_itemfound 1' is clicked on

2021-08-11 15:29:28 - [TEST_STEP][PASSED] - verifyElementNotPresent(findTestObject("Item Upload/item_selected 1"), 0): Web element with id: 'Object Repository/Item Upload/item_selected 1' located by 'By.xpath: id("pBuilding")/div[@class="modal-dialog"]/div[@class="modal-body"]/div[@class="bundling-wrapper"]/div[@class="form-bundle"]/div[@class="selected-items"]/ul[1]/li[1]/span[1]' is not present after '30' second(s)

2021-08-11 15:29:28 - [MESSAGE][WARNING] - Timeout '0' is invalid. Using default page load timeout: '30'

2021-08-11 15:29:29 - [MESSAGE][PASSED] - Web element with id: 'Object Repository/Item Upload/item_selected 1' located by 'By.xpath: id("pBuilding")/div[@class="modal-dialog"]/div[@class="modal-body"]/div[@class="bundling-wrapper"]/div[@class="form-bundle"]/div[@class="selected-items"]/ul[1]/li[1]/span[1]' is not present after '30' second(s)]]></system-out>
         <system-err><![CDATA[]]></system-err>
      </testcase>
      <testcase name="Test Cases/Product Bundling/Simple/17_checkboxTickUntick" time="8.562" classname="Test Cases/Product Bundling/Simple/17_checkboxTickUntick" status="PASSED">
         <system-out><![CDATA[2021-08-11 15:29:29 - [TEST_CASE][PASSED] - Test Cases/Product Bundling/Simple/17_checkboxTickUntick: Test Cases/Product Bundling/Simple/17_checkboxTickUntick

2021-08-11 15:29:29 - [TEST_STEP][PASSED] - setText(findTestObject("Item Upload/textfield_Search Item Name"), SELLER_1_ITEM1): Text 'item1628666623' is set on object 'Object Repository/Item Upload/textfield_Search Item Name'

2021-08-11 15:29:30 - [MESSAGE][PASSED] - Text 'item1628666623' is set on object 'Object Repository/Item Upload/textfield_Search Item Name'

2021-08-11 15:29:30 - [TEST_STEP][PASSED] - click(findTestObject("Item Upload/button_Search Item Name")): Object: 'Object Repository/Item Upload/button_Search Item Name' is clicked on

2021-08-11 15:29:30 - [MESSAGE][PASSED] - Object: 'Object Repository/Item Upload/button_Search Item Name' is clicked on

2021-08-11 15:29:30 - [TEST_STEP][PASSED] - delay(5): Delayed 5 second(s)

2021-08-11 15:29:35 - [MESSAGE][PASSED] - Delayed 5 second(s)

2021-08-11 15:29:35 - [TEST_STEP][PASSED] - waitForElementPresent(findTestObject("add_item_staging/itemresult"), 0): Object 'Object Repository/add_item_staging/itemresult' is present

2021-08-11 15:29:35 - [MESSAGE][WARNING] - Timeout '0' is invalid. Using default page load timeout: '30'

2021-08-11 15:29:35 - [MESSAGE][PASSED] - Object 'Object Repository/add_item_staging/itemresult' is present

2021-08-11 15:29:35 - [TEST_STEP][PASSED] - click(findTestObject("add_item_staging/itemresult")): Object: 'Object Repository/add_item_staging/itemresult' is clicked on

2021-08-11 15:29:36 - [MESSAGE][PASSED] - Object: 'Object Repository/add_item_staging/itemresult' is clicked on

2021-08-11 15:29:36 - [TEST_STEP][PASSED] - waitForElementPresent(findTestObject("add_item_staging/checkeditem"), 0): Object 'Object Repository/add_item_staging/checkeditem' is present

2021-08-11 15:29:36 - [MESSAGE][WARNING] - Timeout '0' is invalid. Using default page load timeout: '30'

2021-08-11 15:29:36 - [MESSAGE][PASSED] - Object 'Object Repository/add_item_staging/checkeditem' is present

2021-08-11 15:29:36 - [TEST_STEP][PASSED] - verifyElementChecked(findTestObject("add_item_staging/checkboxinput"), 0): Object 'Object Repository/add_item_staging/checkboxinput' is checked

2021-08-11 15:29:36 - [MESSAGE][WARNING] - Timeout '0' is invalid. Using default page load timeout: '30'

2021-08-11 15:29:37 - [MESSAGE][PASSED] - Object 'Object Repository/add_item_staging/checkboxinput' is checked

2021-08-11 15:29:37 - [TEST_STEP][PASSED] - click(findTestObject("add_item_staging/itemresult")): Object: 'Object Repository/add_item_staging/itemresult' is clicked on

2021-08-11 15:29:37 - [MESSAGE][PASSED] - Object: 'Object Repository/add_item_staging/itemresult' is clicked on

2021-08-11 15:29:37 - [TEST_STEP][PASSED] - verifyElementNotChecked(findTestObject("add_item_staging/checkboxinput"), 0): Object 'Object Repository/add_item_staging/checkboxinput' is not checked

2021-08-11 15:29:37 - [MESSAGE][WARNING] - Timeout '0' is invalid. Using default page load timeout: '30'

2021-08-11 15:29:37 - [MESSAGE][PASSED] - Object 'Object Repository/add_item_staging/checkboxinput' is not checked]]></system-out>
         <system-err><![CDATA[]]></system-err>
      </testcase>
      <testcase name="Test Cases/Product Bundling/Simple/18_verifySelectedItem" time="4.434" classname="Test Cases/Product Bundling/Simple/18_verifySelectedItem" status="PASSED">
         <system-out><![CDATA[2021-08-11 15:29:37 - [TEST_CASE][PASSED] - Test Cases/Product Bundling/Simple/18_verifySelectedItem: Test Cases/Product Bundling/Simple/18_verifySelectedItem

2021-08-11 15:29:38 - [TEST_STEP][PASSED] - setText(findTestObject("Item Upload/textfield_Search Item Name"), SELLER_1_ITEM1): Text 'item1628666623' is set on object 'Object Repository/Item Upload/textfield_Search Item Name'

2021-08-11 15:29:38 - [MESSAGE][PASSED] - Text 'item1628666623' is set on object 'Object Repository/Item Upload/textfield_Search Item Name'

2021-08-11 15:29:38 - [TEST_STEP][PASSED] - click(findTestObject("Item Upload/button_Search Item Name")): Object: 'Object Repository/Item Upload/button_Search Item Name' is clicked on

2021-08-11 15:29:39 - [MESSAGE][PASSED] - Object: 'Object Repository/Item Upload/button_Search Item Name' is clicked on

2021-08-11 15:29:39 - [TEST_STEP][PASSED] - waitForElementVisible(findTestObject("add_item_staging/itemresult"), 0): Object 'Object Repository/add_item_staging/itemresult' is visible

2021-08-11 15:29:39 - [MESSAGE][WARNING] - Timeout '0' is invalid. Using default page load timeout: '30'

2021-08-11 15:29:40 - [MESSAGE][PASSED] - Object 'Object Repository/add_item_staging/itemresult' is visible

2021-08-11 15:29:40 - [TEST_STEP][PASSED] - click(findTestObject("add_item_staging/itemresult")): Object: 'Object Repository/add_item_staging/itemresult' is clicked on

2021-08-11 15:29:41 - [MESSAGE][PASSED] - Object: 'Object Repository/add_item_staging/itemresult' is clicked on

2021-08-11 15:29:41 - [TEST_STEP][PASSED] - waitForElementVisible(findTestObject("add_item_staging/checkeditem"), 0): Object 'Object Repository/add_item_staging/checkeditem' is visible

2021-08-11 15:29:41 - [MESSAGE][WARNING] - Timeout '0' is invalid. Using default page load timeout: '30'

2021-08-11 15:29:41 - [MESSAGE][PASSED] - Object 'Object Repository/add_item_staging/checkeditem' is visible

2021-08-11 15:29:41 - [TEST_STEP][PASSED] - itemfound = getText(findTestObject("add_item_staging/checkeditem")): Text of object 'Object Repository/add_item_staging/checkeditem' is: 'item1628666623'

2021-08-11 15:29:41 - [MESSAGE][PASSED] - Text of object 'Object Repository/add_item_staging/checkeditem' is: 'item1628666623'

2021-08-11 15:29:41 - [TEST_STEP][PASSED] - click = getText(findTestObject("add_item_staging/itemresult")): Text of object 'Object Repository/add_item_staging/itemresult' is: 'item1628666623'

2021-08-11 15:29:42 - [MESSAGE][PASSED] - Text of object 'Object Repository/add_item_staging/itemresult' is: 'item1628666623'

2021-08-11 15:29:42 - [TEST_STEP][PASSED] - verifyEqual(itemfound, click): Actual object 'item1628666623' and expected object 'item1628666623' are equal

2021-08-11 15:29:42 - [MESSAGE][PASSED] - Actual object 'item1628666623' and expected object 'item1628666623' are equal]]></system-out>
         <system-err><![CDATA[]]></system-err>
      </testcase>
      <testcase name="Test Cases/Product Bundling/Simple/19_removeButton" time="5.637" classname="Test Cases/Product Bundling/Simple/19_removeButton" status="PASSED">
         <system-out><![CDATA[2021-08-11 15:29:42 - [TEST_CASE][PASSED] - Test Cases/Product Bundling/Simple/19_removeButton: Test Cases/Product Bundling/Simple/19_removeButton

2021-08-11 15:29:42 - [TEST_STEP][PASSED] - setText(findTestObject("Item Upload/textfield_Search Item Name"), SELLER_1_ITEM1): Text 'item1628666623' is set on object 'Object Repository/Item Upload/textfield_Search Item Name'

2021-08-11 15:29:43 - [MESSAGE][PASSED] - Text 'item1628666623' is set on object 'Object Repository/Item Upload/textfield_Search Item Name'

2021-08-11 15:29:43 - [TEST_STEP][PASSED] - click(findTestObject("Item Upload/button_Search Item Name")): Object: 'Object Repository/Item Upload/button_Search Item Name' is clicked on

2021-08-11 15:29:43 - [MESSAGE][PASSED] - Object: 'Object Repository/Item Upload/button_Search Item Name' is clicked on

2021-08-11 15:29:43 - [TEST_STEP][PASSED] - waitForElementVisible(findTestObject("add_item_staging/itemresult"), 0): Object 'Object Repository/add_item_staging/itemresult' is visible

2021-08-11 15:29:43 - [MESSAGE][WARNING] - Timeout '0' is invalid. Using default page load timeout: '30'

2021-08-11 15:29:45 - [MESSAGE][PASSED] - Object 'Object Repository/add_item_staging/itemresult' is visible

2021-08-11 15:29:45 - [TEST_STEP][PASSED] - click(findTestObject("add_item_staging/itemresult")): Object: 'Object Repository/add_item_staging/itemresult' is clicked on

2021-08-11 15:29:46 - [MESSAGE][PASSED] - Object: 'Object Repository/add_item_staging/itemresult' is clicked on

2021-08-11 15:29:46 - [TEST_STEP][PASSED] - waitForElementVisible(findTestObject("add_item_staging/checkeditem"), 0): Object 'Object Repository/add_item_staging/checkeditem' is visible

2021-08-11 15:29:46 - [MESSAGE][WARNING] - Timeout '0' is invalid. Using default page load timeout: '30'

2021-08-11 15:29:46 - [MESSAGE][PASSED] - Object 'Object Repository/add_item_staging/checkeditem' is visible

2021-08-11 15:29:46 - [TEST_STEP][PASSED] - verifyElementVisible(findTestObject("add_item_staging/checkeditem"), STOP_ON_FAILURE): Object 'Object Repository/add_item_staging/checkeditem' is visible

2021-08-11 15:29:47 - [MESSAGE][PASSED] - Object 'Object Repository/add_item_staging/checkeditem' is visible

2021-08-11 15:29:47 - [TEST_STEP][PASSED] - click(findTestObject("Item Upload/button_remove")): Object: 'Object Repository/Item Upload/button_remove' is clicked on

2021-08-11 15:29:47 - [MESSAGE][PASSED] - Object: 'Object Repository/Item Upload/button_remove' is clicked on

2021-08-11 15:29:47 - [TEST_STEP][PASSED] - verifyElementNotPresent(findTestObject("add_item_staging/checkeditem"), 0): Web element with id: 'Object Repository/add_item_staging/checkeditem' located by 'By.xpath: //div[6]/div/div/div/div[3]/div/ul' is not present after '30' second(s)

2021-08-11 15:29:47 - [MESSAGE][WARNING] - Timeout '0' is invalid. Using default page load timeout: '30'

2021-08-11 15:29:47 - [MESSAGE][PASSED] - Web element with id: 'Object Repository/add_item_staging/checkeditem' located by 'By.xpath: //div[6]/div/div/div/div[3]/div/ul' is not present after '30' second(s)]]></system-out>
         <system-err><![CDATA[]]></system-err>
      </testcase>
      <testcase name="Test Cases/Product Bundling/Simple/20_itemRemoved" time="4.936" classname="Test Cases/Product Bundling/Simple/20_itemRemoved" status="PASSED">
         <system-out><![CDATA[2021-08-11 15:29:47 - [TEST_CASE][PASSED] - Test Cases/Product Bundling/Simple/20_itemRemoved: Test Cases/Product Bundling/Simple/20_itemRemoved

2021-08-11 15:29:48 - [TEST_STEP][PASSED] - setText(findTestObject("Item Upload/textfield_Search Item Name"), SELLER_1_ITEM1): Text 'item1628666623' is set on object 'Object Repository/Item Upload/textfield_Search Item Name'

2021-08-11 15:29:48 - [MESSAGE][PASSED] - Text 'item1628666623' is set on object 'Object Repository/Item Upload/textfield_Search Item Name'

2021-08-11 15:29:48 - [TEST_STEP][PASSED] - click(findTestObject("Item Upload/button_Search Item Name")): Object: 'Object Repository/Item Upload/button_Search Item Name' is clicked on

2021-08-11 15:29:49 - [MESSAGE][PASSED] - Object: 'Object Repository/Item Upload/button_Search Item Name' is clicked on

2021-08-11 15:29:49 - [TEST_STEP][PASSED] - waitForElementPresent(findTestObject("Item Upload/checkbox_itemfound 1"), 0): Object 'Object Repository/Item Upload/checkbox_itemfound 1' is present

2021-08-11 15:29:49 - [MESSAGE][WARNING] - Timeout '0' is invalid. Using default page load timeout: '30'

2021-08-11 15:29:50 - [MESSAGE][PASSED] - Object 'Object Repository/Item Upload/checkbox_itemfound 1' is present

2021-08-11 15:29:50 - [TEST_STEP][PASSED] - click(findTestObject("Item Upload/checkbox_itemfound 1")): Object: 'Object Repository/Item Upload/checkbox_itemfound 1' is clicked on

2021-08-11 15:29:51 - [MESSAGE][PASSED] - Object: 'Object Repository/Item Upload/checkbox_itemfound 1' is clicked on

2021-08-11 15:29:51 - [TEST_STEP][PASSED] - waitForElementPresent(findTestObject("Item Upload/item_selected 1"), 0): Object 'Object Repository/Item Upload/item_selected 1' is present

2021-08-11 15:29:51 - [MESSAGE][WARNING] - Timeout '0' is invalid. Using default page load timeout: '30'

2021-08-11 15:29:51 - [MESSAGE][PASSED] - Object 'Object Repository/Item Upload/item_selected 1' is present

2021-08-11 15:29:51 - [TEST_STEP][PASSED] - verifyElementPresent(findTestObject("Item Upload/item_selected 1"), 0): Object 'Object Repository/Item Upload/item_selected 1' is present

2021-08-11 15:29:51 - [MESSAGE][WARNING] - Timeout '0' is invalid. Using default page load timeout: '30'

2021-08-11 15:29:51 - [MESSAGE][PASSED] - Object 'Object Repository/Item Upload/item_selected 1' is present

2021-08-11 15:29:51 - [TEST_STEP][PASSED] - click(findTestObject("Item Upload/button_remove")): Object: 'Object Repository/Item Upload/button_remove' is clicked on

2021-08-11 15:29:52 - [MESSAGE][PASSED] - Object: 'Object Repository/Item Upload/button_remove' is clicked on

2021-08-11 15:29:52 - [TEST_STEP][PASSED] - verifyElementNotPresent(findTestObject("Item Upload/item_selected 1"), 0): Web element with id: 'Object Repository/Item Upload/item_selected 1' located by 'By.xpath: id("pBuilding")/div[@class="modal-dialog"]/div[@class="modal-body"]/div[@class="bundling-wrapper"]/div[@class="form-bundle"]/div[@class="selected-items"]/ul[1]/li[1]/span[1]' is not present after '30' second(s)

2021-08-11 15:29:52 - [MESSAGE][WARNING] - Timeout '0' is invalid. Using default page load timeout: '30'

2021-08-11 15:29:52 - [MESSAGE][PASSED] - Web element with id: 'Object Repository/Item Upload/item_selected 1' located by 'By.xpath: id("pBuilding")/div[@class="modal-dialog"]/div[@class="modal-body"]/div[@class="bundling-wrapper"]/div[@class="form-bundle"]/div[@class="selected-items"]/ul[1]/li[1]/span[1]' is not present after '30' second(s)]]></system-out>
         <system-err><![CDATA[]]></system-err>
      </testcase>
      <testcase name="Test Cases/Product Bundling/Simple/21_buttonSave" time="37.027" classname="Test Cases/Product Bundling/Simple/21_buttonSave" status="PASSED">
         <system-out><![CDATA[2021-08-11 15:29:52 - [TEST_CASE][PASSED] - Test Cases/Product Bundling/Simple/21_buttonSave: Test Cases/Product Bundling/Simple/21_buttonSave

2021-08-11 15:29:52 - [TEST_STEP][PASSED] - setText(findTestObject("Item Upload/textfield_Search Item Name"), SELLER_1_ITEM1): Text 'item1628666623' is set on object 'Object Repository/Item Upload/textfield_Search Item Name'

2021-08-11 15:29:53 - [MESSAGE][PASSED] - Text 'item1628666623' is set on object 'Object Repository/Item Upload/textfield_Search Item Name'

2021-08-11 15:29:53 - [TEST_STEP][PASSED] - click(findTestObject("Item Upload/button_Search Item Name")): Object: 'Object Repository/Item Upload/button_Search Item Name' is clicked on

2021-08-11 15:29:54 - [MESSAGE][PASSED] - Object: 'Object Repository/Item Upload/button_Search Item Name' is clicked on

2021-08-11 15:29:54 - [TEST_STEP][PASSED] - waitForElementVisible(findTestObject("Item Upload/checkbox_itemfound 1"), 0): Object 'Object Repository/Item Upload/checkbox_itemfound 1' is visible

2021-08-11 15:29:54 - [MESSAGE][WARNING] - Timeout '0' is invalid. Using default page load timeout: '30'

2021-08-11 15:29:55 - [MESSAGE][PASSED] - Object 'Object Repository/Item Upload/checkbox_itemfound 1' is visible

2021-08-11 15:29:55 - [TEST_STEP][PASSED] - click(findTestObject("Item Upload/checkbox_itemfound 1")): Object: 'Object Repository/Item Upload/checkbox_itemfound 1' is clicked on

2021-08-11 15:29:56 - [MESSAGE][PASSED] - Object: 'Object Repository/Item Upload/checkbox_itemfound 1' is clicked on

2021-08-11 15:29:56 - [TEST_STEP][PASSED] - waitForElementVisible(findTestObject("Item Upload/item_selected 1"), 0): Object 'Object Repository/Item Upload/item_selected 1' is visible

2021-08-11 15:29:56 - [MESSAGE][WARNING] - Timeout '0' is invalid. Using default page load timeout: '30'

2021-08-11 15:29:56 - [MESSAGE][PASSED] - Object 'Object Repository/Item Upload/item_selected 1' is visible

2021-08-11 15:29:56 - [TEST_STEP][PASSED] - verifyElementVisible(findTestObject("Item Upload/item_selected 1"), STOP_ON_FAILURE): Object 'Object Repository/Item Upload/item_selected 1' is visible

2021-08-11 15:29:57 - [MESSAGE][PASSED] - Object 'Object Repository/Item Upload/item_selected 1' is visible

2021-08-11 15:29:57 - [TEST_STEP][PASSED] - click(findTestObject("Item Upload/button_popUpSave")): Object: 'Object Repository/Item Upload/button_popUpSave' is clicked on

2021-08-11 15:29:57 - [MESSAGE][PASSED] - Object: 'Object Repository/Item Upload/button_popUpSave' is clicked on

2021-08-11 15:29:57 - [TEST_STEP][PASSED] - delay(2): Delayed 2 second(s)

2021-08-11 15:29:59 - [MESSAGE][PASSED] - Delayed 2 second(s)

2021-08-11 15:29:59 - [TEST_STEP][PASSED] - waitForElementNotPresent(findTestObject("Item Upload/popUpWindow_productBundling"), 0): Web element with id: 'Object Repository/Item Upload/popUpWindow_productBundling' located by 'By.xpath: //*[@class = 'modal-body']' is present after '30' second(s)

2021-08-11 15:29:59 - [MESSAGE][WARNING] - Timeout '0' is invalid. Using default page load timeout: '30'

2021-08-11 15:30:29 - [MESSAGE][WARNING] - Web element with id: 'Object Repository/Item Upload/popUpWindow_productBundling' located by 'By.xpath: //*[@class = 'modal-body']' is present after '30' second(s)

2021-08-11 15:30:29 - [TEST_STEP][PASSED] - verifyElementNotVisible(findTestObject("Item Upload/popUpWindow_productBundling"), STOP_ON_FAILURE): Object 'Object Repository/Item Upload/popUpWindow_productBundling' is NOT visible

2021-08-11 15:30:29 - [MESSAGE][PASSED] - Object 'Object Repository/Item Upload/popUpWindow_productBundling' is NOT visible]]></system-out>
         <system-err><![CDATA[]]></system-err>
      </testcase>
      <system-out><![CDATA[2021-08-11 15:28:32 - [TEST_SUITE][PASSED] - PRODUCT_BUNDLING_2_SIMPLE: Test Cases/Product Bundling/Simple/21_buttonSave]]></system-out>
      <system-err><![CDATA[]]></system-err>
   </testsuite>
</testsuites>
